{"/Users/desarrolloweb2/Desktop/Empresas/varios/PERN/rest-api-node-ts-server/src/router.ts": {"path":"/Users/desarrolloweb2/Desktop/Empresas/varios/PERN/rest-api-node-ts-server/src/router.ts","statementMap":{"0":{"start":{"line":1,"column":0},"end":{"line":1,"column":33}},"1":{"start":{"line":2,"column":0},"end":{"line":2,"column":130}},"2":{"start":{"line":3,"column":0},"end":{"line":3,"column":42}},"3":{"start":{"line":5,"column":15},"end":{"line":5,"column":23}},"4":{"start":{"line":7,"column":0},"end":{"line":7,"column":null}},"5":{"start":{"line":9,"column":0},"end":{"line":12,"column":null}},"6":{"start":{"line":14,"column":0},"end":{"line":16,"column":null}},"7":{"start":{"line":18,"column":0},"end":{"line":21,"column":null}},"8":{"start":{"line":23,"column":0},"end":{"line":26,"column":null}},"9":{"start":{"line":28,"column":0},"end":{"line":31,"column":null}},"10":{"start":{"line":33,"column":0},"end":{"line":33,"column":null}}},"fnMap":{},"branchMap":{},"s":{"0":2,"1":2,"2":2,"3":2,"4":2,"5":2,"6":2,"7":2,"8":2,"9":2,"10":2},"f":{},"b":{}}
,"/Users/desarrolloweb2/Desktop/Empresas/varios/PERN/rest-api-node-ts-server/src/server.ts": {"path":"/Users/desarrolloweb2/Desktop/Empresas/varios/PERN/rest-api-node-ts-server/src/server.ts","statementMap":{"0":{"start":{"line":7,"column":0},"end":{"line":7,"column":7}},"1":{"start":{"line":1,"column":0},"end":{"line":1,"column":29}},"2":{"start":{"line":2,"column":0},"end":{"line":2,"column":29}},"3":{"start":{"line":3,"column":0},"end":{"line":3,"column":28}},"4":{"start":{"line":4,"column":0},"end":{"line":4,"column":27}},"5":{"start":{"line":8,"column":4},"end":{"line":14,"column":5}},"6":{"start":{"line":9,"column":8},"end":{"line":9,"column":null}},"7":{"start":{"line":10,"column":8},"end":{"line":10,"column":null}},"8":{"start":{"line":13,"column":8},"end":{"line":13,"column":null}},"9":{"start":{"line":16,"column":0},"end":{"line":16,"column":null}},"10":{"start":{"line":19,"column":15},"end":{"line":19,"column":24}},"11":{"start":{"line":22,"column":0},"end":{"line":22,"column":null}},"12":{"start":{"line":24,"column":0},"end":{"line":24,"column":null}},"13":{"start":{"line":26,"column":0},"end":{"line":28,"column":null}},"14":{"start":{"line":27,"column":4},"end":{"line":27,"column":null}},"15":{"start":{"line":30,"column":0},"end":{"line":30,"column":null}}},"fnMap":{"0":{"name":"connectDB","decl":{"start":{"line":7,"column":22},"end":{"line":7,"column":31}},"loc":{"start":{"line":7,"column":31},"end":{"line":15,"column":1}}},"1":{"name":"(anonymous_2)","decl":{"start":{"line":26,"column":21},"end":{"line":26,"column":23}},"loc":{"start":{"line":26,"column":37},"end":{"line":28,"column":1}}}},"branchMap":{},"s":{"0":2,"1":2,"2":2,"3":2,"4":2,"5":2,"6":2,"7":1,"8":0,"9":2,"10":2,"11":2,"12":2,"13":2,"14":1,"15":2},"f":{"0":2,"1":1},"b":{}}
,"/Users/desarrolloweb2/Desktop/Empresas/varios/PERN/rest-api-node-ts-server/src/config/db.ts": {"path":"/Users/desarrolloweb2/Desktop/Empresas/varios/PERN/rest-api-node-ts-server/src/config/db.ts","statementMap":{"0":{"start":{"line":1,"column":0},"end":{"line":1,"column":28}},"1":{"start":{"line":2,"column":0},"end":{"line":2,"column":49}},"2":{"start":{"line":5,"column":0},"end":{"line":5,"column":null}},"3":{"start":{"line":7,"column":13},"end":{"line":10,"column":null}},"4":{"start":{"line":12,"column":0},"end":{"line":12,"column":null}}},"fnMap":{},"branchMap":{},"s":{"0":2,"1":2,"2":2,"3":2,"4":2},"f":{},"b":{}}
,"/Users/desarrolloweb2/Desktop/Empresas/varios/PERN/rest-api-node-ts-server/src/handlers/product.ts": {"path":"/Users/desarrolloweb2/Desktop/Empresas/varios/PERN/rest-api-node-ts-server/src/handlers/product.ts","statementMap":{"0":{"start":{"line":2,"column":0},"end":{"line":2,"column":46}},"1":{"start":{"line":3,"column":0},"end":{"line":3,"column":60}},"2":{"start":{"line":5,"column":27},"end":{"line":16,"column":1}},"3":{"start":{"line":7,"column":21},"end":{"line":13,"column":6}},"4":{"start":{"line":14,"column":8},"end":{"line":14,"column":null}},"5":{"start":{"line":5,"column":13},"end":{"line":5,"column":27}},"6":{"start":{"line":18,"column":30},"end":{"line":37,"column":1}},"7":{"start":{"line":20,"column":17},"end":{"line":20,"column":40}},"8":{"start":{"line":21,"column":4},"end":{"line":24,"column":5}},"9":{"start":{"line":22,"column":8},"end":{"line":22,"column":null}},"10":{"start":{"line":23,"column":8},"end":{"line":23,"column":15}},"11":{"start":{"line":26,"column":23},"end":{"line":26,"column":33}},"12":{"start":{"line":27,"column":24},"end":{"line":27,"column":52}},"13":{"start":{"line":29,"column":8},"end":{"line":34,"column":9}},"14":{"start":{"line":30,"column":12},"end":{"line":32,"column":null}},"15":{"start":{"line":33,"column":12},"end":{"line":33,"column":18}},"16":{"start":{"line":35,"column":8},"end":{"line":35,"column":null}},"17":{"start":{"line":18,"column":13},"end":{"line":18,"column":30}},"18":{"start":{"line":39,"column":29},"end":{"line":61,"column":1}},"19":{"start":{"line":42,"column":4},"end":{"line":43,"column":null}},"20":{"start":{"line":45,"column":4},"end":{"line":49,"column":null}},"21":{"start":{"line":48,"column":26},"end":{"line":48,"column":35}},"22":{"start":{"line":51,"column":17},"end":{"line":51,"column":40}},"23":{"start":{"line":52,"column":8},"end":{"line":55,"column":9}},"24":{"start":{"line":53,"column":12},"end":{"line":53,"column":null}},"25":{"start":{"line":54,"column":12},"end":{"line":54,"column":19}},"26":{"start":{"line":57,"column":24},"end":{"line":57,"column":56}},"27":{"start":{"line":58,"column":8},"end":{"line":58,"column":null}},"28":{"start":{"line":39,"column":13},"end":{"line":39,"column":29}},"29":{"start":{"line":63,"column":29},"end":{"line":93,"column":1}},"30":{"start":{"line":65,"column":4},"end":{"line":69,"column":null}},"31":{"start":{"line":68,"column":26},"end":{"line":68,"column":35}},"32":{"start":{"line":71,"column":17},"end":{"line":71,"column":40}},"33":{"start":{"line":72,"column":4},"end":{"line":75,"column":5}},"34":{"start":{"line":73,"column":8},"end":{"line":73,"column":null}},"35":{"start":{"line":74,"column":8},"end":{"line":74,"column":15}},"36":{"start":{"line":78,"column":23},"end":{"line":78,"column":33}},"37":{"start":{"line":79,"column":24},"end":{"line":79,"column":52}},"38":{"start":{"line":81,"column":9},"end":{"line":86,"column":9}},"39":{"start":{"line":82,"column":12},"end":{"line":84,"column":null}},"40":{"start":{"line":85,"column":12},"end":{"line":85,"column":18}},"41":{"start":{"line":89,"column":8},"end":{"line":89,"column":null}},"42":{"start":{"line":90,"column":8},"end":{"line":90,"column":null}},"43":{"start":{"line":91,"column":8},"end":{"line":91,"column":null}},"44":{"start":{"line":63,"column":13},"end":{"line":63,"column":29}},"45":{"start":{"line":95,"column":34},"end":{"line":118,"column":1}},"46":{"start":{"line":97,"column":17},"end":{"line":97,"column":40}},"47":{"start":{"line":98,"column":4},"end":{"line":101,"column":5}},"48":{"start":{"line":99,"column":8},"end":{"line":99,"column":null}},"49":{"start":{"line":100,"column":8},"end":{"line":100,"column":15}},"50":{"start":{"line":103,"column":23},"end":{"line":103,"column":33}},"51":{"start":{"line":104,"column":24},"end":{"line":104,"column":52}},"52":{"start":{"line":106,"column":8},"end":{"line":111,"column":9}},"53":{"start":{"line":107,"column":12},"end":{"line":109,"column":null}},"54":{"start":{"line":110,"column":12},"end":{"line":110,"column":18}},"55":{"start":{"line":113,"column":8},"end":{"line":113,"column":null}},"56":{"start":{"line":114,"column":8},"end":{"line":114,"column":null}},"57":{"start":{"line":116,"column":8},"end":{"line":116,"column":null}},"58":{"start":{"line":95,"column":13},"end":{"line":95,"column":34}},"59":{"start":{"line":120,"column":29},"end":{"line":140,"column":1}},"60":{"start":{"line":122,"column":17},"end":{"line":122,"column":40}},"61":{"start":{"line":123,"column":4},"end":{"line":126,"column":5}},"62":{"start":{"line":124,"column":8},"end":{"line":124,"column":null}},"63":{"start":{"line":125,"column":8},"end":{"line":125,"column":15}},"64":{"start":{"line":128,"column":23},"end":{"line":128,"column":33}},"65":{"start":{"line":129,"column":24},"end":{"line":129,"column":52}},"66":{"start":{"line":131,"column":8},"end":{"line":136,"column":9}},"67":{"start":{"line":132,"column":12},"end":{"line":134,"column":null}},"68":{"start":{"line":135,"column":12},"end":{"line":135,"column":18}},"69":{"start":{"line":137,"column":8},"end":{"line":137,"column":null}},"70":{"start":{"line":138,"column":8},"end":{"line":138,"column":null}},"71":{"start":{"line":120,"column":13},"end":{"line":120,"column":29}}},"fnMap":{"0":{"name":"(anonymous_1)","decl":{"start":{"line":5,"column":27},"end":{"line":5,"column":32}},"loc":{"start":{"line":5,"column":69},"end":{"line":16,"column":1}}},"1":{"name":"(anonymous_2)","decl":{"start":{"line":18,"column":30},"end":{"line":18,"column":35}},"loc":{"start":{"line":18,"column":72},"end":{"line":37,"column":1}}},"2":{"name":"(anonymous_3)","decl":{"start":{"line":39,"column":29},"end":{"line":39,"column":34}},"loc":{"start":{"line":39,"column":72},"end":{"line":61,"column":1}}},"3":{"name":"(anonymous_4)","decl":{"start":{"line":48,"column":17},"end":{"line":48,"column":22}},"loc":{"start":{"line":48,"column":26},"end":{"line":48,"column":35}}},"4":{"name":"(anonymous_5)","decl":{"start":{"line":63,"column":29},"end":{"line":63,"column":34}},"loc":{"start":{"line":63,"column":71},"end":{"line":93,"column":1}}},"5":{"name":"(anonymous_6)","decl":{"start":{"line":68,"column":17},"end":{"line":68,"column":22}},"loc":{"start":{"line":68,"column":26},"end":{"line":68,"column":35}}},"6":{"name":"(anonymous_7)","decl":{"start":{"line":95,"column":34},"end":{"line":95,"column":39}},"loc":{"start":{"line":95,"column":76},"end":{"line":118,"column":1}}},"7":{"name":"(anonymous_8)","decl":{"start":{"line":120,"column":29},"end":{"line":120,"column":34}},"loc":{"start":{"line":120,"column":72},"end":{"line":140,"column":1}}}},"branchMap":{"0":{"loc":{"start":{"line":21,"column":4},"end":{"line":24,"column":5}},"type":"if","locations":[{"start":{"line":21,"column":4},"end":{"line":24,"column":5}},{"start":{},"end":{}}]},"1":{"loc":{"start":{"line":29,"column":8},"end":{"line":34,"column":9}},"type":"if","locations":[{"start":{"line":29,"column":8},"end":{"line":34,"column":9}},{"start":{},"end":{}}]},"2":{"loc":{"start":{"line":52,"column":8},"end":{"line":55,"column":9}},"type":"if","locations":[{"start":{"line":52,"column":8},"end":{"line":55,"column":9}},{"start":{},"end":{}}]},"3":{"loc":{"start":{"line":72,"column":4},"end":{"line":75,"column":5}},"type":"if","locations":[{"start":{"line":72,"column":4},"end":{"line":75,"column":5}},{"start":{},"end":{}}]},"4":{"loc":{"start":{"line":81,"column":9},"end":{"line":86,"column":9}},"type":"if","locations":[{"start":{"line":81,"column":9},"end":{"line":86,"column":9}},{"start":{},"end":{}}]},"5":{"loc":{"start":{"line":98,"column":4},"end":{"line":101,"column":5}},"type":"if","locations":[{"start":{"line":98,"column":4},"end":{"line":101,"column":5}},{"start":{},"end":{}}]},"6":{"loc":{"start":{"line":106,"column":8},"end":{"line":111,"column":9}},"type":"if","locations":[{"start":{"line":106,"column":8},"end":{"line":111,"column":9}},{"start":{},"end":{}}]},"7":{"loc":{"start":{"line":123,"column":4},"end":{"line":126,"column":5}},"type":"if","locations":[{"start":{"line":123,"column":4},"end":{"line":126,"column":5}},{"start":{},"end":{}}]},"8":{"loc":{"start":{"line":131,"column":8},"end":{"line":136,"column":9}},"type":"if","locations":[{"start":{"line":131,"column":8},"end":{"line":136,"column":9}},{"start":{},"end":{}}]}},"s":{"0":2,"1":2,"2":2,"3":2,"4":2,"5":2,"6":2,"7":2,"8":2,"9":1,"10":1,"11":1,"12":1,"13":1,"14":1,"15":1,"16":0,"17":2,"18":2,"19":4,"20":4,"21":4,"22":4,"23":4,"24":3,"25":3,"26":1,"27":1,"28":2,"29":2,"30":2,"31":2,"32":2,"33":2,"34":2,"35":2,"36":0,"37":0,"38":0,"39":0,"40":0,"41":0,"42":0,"43":0,"44":2,"45":2,"46":2,"47":2,"48":0,"49":0,"50":2,"51":2,"52":2,"53":1,"54":1,"55":1,"56":1,"57":1,"58":2,"59":2,"60":2,"61":2,"62":0,"63":0,"64":2,"65":2,"66":2,"67":1,"68":1,"69":1,"70":1,"71":2},"f":{"0":2,"1":2,"2":4,"3":4,"4":2,"5":2,"6":2,"7":2},"b":{"0":[1,1],"1":[1,0],"2":[3,1],"3":[2,0],"4":[0,0],"5":[0,2],"6":[1,1],"7":[0,2],"8":[1,1]}}
,"/Users/desarrolloweb2/Desktop/Empresas/varios/PERN/rest-api-node-ts-server/src/models/Product.model.ts": {"path":"/Users/desarrolloweb2/Desktop/Empresas/varios/PERN/rest-api-node-ts-server/src/models/Product.model.ts","statementMap":{"0":{"start":{"line":1,"column":0},"end":{"line":1,"column":80}},"1":{"start":{"line":8,"column":7},"end":{"line":25,"column":null}},"2":{"start":{"line":8,"column":13},"end":{"line":8,"column":20}},"3":{"start":{"line":13,"column":12},"end":{"line":13,"column":null}},"4":{"start":{"line":18,"column":12},"end":{"line":18,"column":null}},"5":{"start":{"line":24,"column":12},"end":{"line":24,"column":null}},"6":{"start":{"line":8,"column":13},"end":{"line":25,"column":null}},"7":{"start":{"line":27,"column":0},"end":{"line":27,"column":null}}},"fnMap":{},"branchMap":{},"s":{"0":2,"1":2,"2":2,"3":2,"4":2,"5":2,"6":2,"7":2},"f":{},"b":{}}
}
