TN:
SF:src/router.ts
FNF:0
FNH:0
DA:1,2
DA:2,2
DA:3,2
DA:5,2
DA:7,2
DA:9,2
DA:14,2
DA:18,2
DA:23,2
DA:28,2
DA:33,2
LF:11
LH:11
BRF:0
BRH:0
end_of_record
TN:
SF:src/server.ts
FN:7,connectDB
FN:26,(anonymous_2)
FNF:2
FNH:2
FNDA:2,connectDB
FNDA:1,(anonymous_2)
DA:1,2
DA:2,2
DA:3,2
DA:4,2
DA:7,2
DA:8,2
DA:9,2
DA:10,1
DA:13,0
DA:16,2
DA:19,2
DA:22,2
DA:24,2
DA:26,2
DA:27,1
DA:30,2
LF:16
LH:15
BRF:0
BRH:0
end_of_record
TN:
SF:src/config/db.ts
FNF:0
FNH:0
DA:1,2
DA:2,2
DA:5,2
DA:7,2
DA:12,2
LF:5
LH:5
BRF:0
BRH:0
end_of_record
TN:
SF:src/handlers/product.ts
FN:5,(anonymous_1)
FN:18,(anonymous_2)
FN:39,(anonymous_3)
FN:48,(anonymous_4)
FN:63,(anonymous_5)
FN:68,(anonymous_6)
FN:95,(anonymous_7)
FN:120,(anonymous_8)
FNF:8
FNH:8
FNDA:2,(anonymous_1)
FNDA:2,(anonymous_2)
FNDA:4,(anonymous_3)
FNDA:4,(anonymous_4)
FNDA:2,(anonymous_5)
FNDA:2,(anonymous_6)
FNDA:2,(anonymous_7)
FNDA:2,(anonymous_8)
DA:2,2
DA:3,2
DA:5,2
DA:7,2
DA:14,2
DA:18,2
DA:20,2
DA:21,2
DA:22,1
DA:23,1
DA:26,1
DA:27,1
DA:29,1
DA:30,1
DA:33,1
DA:35,0
DA:39,2
DA:42,4
DA:45,4
DA:48,4
DA:51,4
DA:52,4
DA:53,3
DA:54,3
DA:57,1
DA:58,1
DA:63,2
DA:65,2
DA:68,2
DA:71,2
DA:72,2
DA:73,2
DA:74,2
DA:78,0
DA:79,0
DA:81,0
DA:82,0
DA:85,0
DA:89,0
DA:90,0
DA:91,0
DA:95,2
DA:97,2
DA:98,2
DA:99,0
DA:100,0
DA:103,2
DA:104,2
DA:106,2
DA:107,1
DA:110,1
DA:113,1
DA:114,1
DA:116,1
DA:120,2
DA:122,2
DA:123,2
DA:124,0
DA:125,0
DA:128,2
DA:129,2
DA:131,2
DA:132,1
DA:135,1
DA:137,1
DA:138,1
LF:66
LH:53
BRDA:21,0,0,1
BRDA:21,0,1,1
BRDA:29,1,0,1
BRDA:29,1,1,0
BRDA:52,2,0,3
BRDA:52,2,1,1
BRDA:72,3,0,2
BRDA:72,3,1,0
BRDA:81,4,0,0
BRDA:81,4,1,0
BRDA:98,5,0,0
BRDA:98,5,1,2
BRDA:106,6,0,1
BRDA:106,6,1,1
BRDA:123,7,0,0
BRDA:123,7,1,2
BRDA:131,8,0,1
BRDA:131,8,1,1
BRF:18
BRH:12
end_of_record
TN:
SF:src/models/Product.model.ts
FNF:0
FNH:0
DA:1,2
DA:8,2
DA:13,2
DA:18,2
DA:24,2
DA:27,2
LF:6
LH:6
BRF:0
BRH:0
end_of_record
